AllJoyn Library version: v14.06.00a
AllJoyn Library build info: AllJoyn Library v14.06.00a (Built Fri Jun 26 10:03:39 UTC 2015 by vedams - Git: uid-basic.git branch: 'master' tag: '<none>' commit ref: c2836cbfc5e44f5bf74c3398de839b4632d63ef2)
BusAttachment started.
Daemon Connect succeeded.
AllJoyn Library version: v14.06.00a
AllJoyn Library build info: AllJoyn Library v14.06.00a (Built Fri Jun 26 10:03:39 UTC 2015 by vedams - Git: uid-basic.git branch: 'master' tag: '<none>' commit ref: c2836cbfc5e44f5bf74c3398de839b4632d63ef2)
BusAttachment started.
   0.114 ****** ERROR NETWORK external          common/os/posix/Socket.cc:345 | Binding (sockfd = 51) to 0.0.0.0 9955: 98 - Address already in use: ER_OS_ERROR
Daemon Connect succeeded.
AllJoyn Library version: v14.06.00a
AllJoyn Library build info: AllJoyn Library v14.06.00a (Built Fri Jun 26 10:03:39 UTC 2015 by vedams - Git: uid-basic.git branch: 'master' tag: '<none>' commit ref: c2836cbfc5e44f5bf74c3398de839b4632d63ef2)
BusAttachment started.
   0.808 ****** ERROR NETWORK external          common/os/posix/Socket.cc:345 | Binding (sockfd = 51) to 0.0.0.0 9955: 98 - Address already in use: ER_OS_ERROR
Daemon Connect succeeded.
AllJoyn Library version: v14.06.00a
AllJoyn Library build info: AllJoyn Library v14.06.00a (Built Fri Jun 26 10:03:39 UTC 2015 by vedams - Git: uid-basic.git branch: 'master' tag: '<none>' commit ref: c2836cbfc5e44f5bf74c3398de839b4632d63ef2)
BusAttachment started.
   0.378 ****** ERROR NETWORK external          common/os/posix/Socket.cc:345 | Binding (sockfd = 51) to 0.0.0.0 9955: 98 - Address already in use: ER_OS_ERROR
Daemon Connect succeeded.
AllJoyn Library version: v14.06.00a
AllJoyn Library build info: AllJoyn Library v14.06.00a (Built Fri Jun 26 10:03:39 UTC 2015 by vedams - Git: uid-basic.git branch: 'master' tag: '<none>' commit ref: c2836cbfc5e44f5bf74c3398de839b4632d63ef2)
BusAttachment started.
   0.636 ****** ERROR NETWORK external          common/os/posix/Socket.cc:345 | Binding (sockfd = 51) to 0.0.0.0 9955: 98 - Address already in use: ER_OS_ERROR
Daemon Connect succeeded.
AllJoyn Library version: v14.06.00a
AllJoyn Library build info: AllJoyn Library v14.06.00a (Built Fri Jun 26 10:03:39 UTC 2015 by vedams - Git: uid-basic.git branch: 'master' tag: '<none>' commit ref: c2836cbfc5e44f5bf74c3398de839b4632d63ef2)
BusAttachment started.
   0.579 ****** ERROR NETWORK external          common/os/posix/Socket.cc:345 | Binding (sockfd = 51) to 0.0.0.0 9955: 98 - Address already in use: ER_OS_ERROR
Daemon Connect succeeded.
AllJoyn Library version: v14.06.00a
AllJoyn Library build info: AllJoyn Library v14.06.00a (Built Fri Jun 26 10:03:39 UTC 2015 by vedams - Git: uid-basic.git branch: 'master' tag: '<none>' commit ref: c2836cbfc5e44f5bf74c3398de839b4632d63ef2)
BusAttachment started.
   0.140 ****** ERROR NETWORK external          common/os/posix/Socket.cc:345 | Binding (sockfd = 51) to 0.0.0.0 9955: 98 - Address already in use: ER_OS_ERROR
Daemon Connect succeeded.
AllJoyn Library version: v14.06.00a
AllJoyn Library build info: AllJoyn Library v14.06.00a (Built Fri Jun 26 10:03:39 UTC 2015 by vedams - Git: uid-basic.git branch: 'master' tag: '<none>' commit ref: c2836cbfc5e44f5bf74c3398de839b4632d63ef2)
BusAttachment started.
   0.292 ****** ERROR NETWORK external          common/os/posix/Socket.cc:345 | Binding (sockfd = 51) to 0.0.0.0 9955: 98 - Address already in use: ER_OS_ERROR
Daemon Connect succeeded.
AllJoyn Library version: v14.06.00a
AllJoyn Library build info: AllJoyn Library v14.06.00a (Built Fri Jun 26 10:03:39 UTC 2015 by vedams - Git: uid-basic.git branch: 'master' tag: '<none>' commit ref: c2836cbfc5e44f5bf74c3398de839b4632d63ef2)
BusAttachment started.
   0.291 ****** ERROR NETWORK external          common/os/posix/Socket.cc:345 | Binding (sockfd = 51) to 0.0.0.0 9955: 98 - Address already in use: ER_OS_ERROR
Daemon Connect succeeded.
AllJoyn Library version: v14.06.00a
AllJoyn Library build info: AllJoyn Library v14.06.00a (Built Fri Jun 26 10:03:39 UTC 2015 by vedams - Git: uid-basic.git branch: 'master' tag: '<none>' commit ref: c2836cbfc5e44f5bf74c3398de839b4632d63ef2)
BusAttachment started.
   0.434 ****** ERROR NETWORK external          common/os/posix/Socket.cc:345 | Binding (sockfd = 51) to 0.0.0.0 9955: 98 - Address already in use: ER_OS_ERROR
Daemon Connect succeeded.
AllJoyn Library version: v14.06.00a
AllJoyn Library build info: AllJoyn Library v14.06.00a (Built Fri Jun 26 10:03:39 UTC 2015 by vedams - Git: uid-basic.git branch: 'master' tag: '<none>' commit ref: c2836cbfc5e44f5bf74c3398de839b4632d63ef2)
BusAttachment started.
   0.107 ****** ERROR NETWORK external          common/os/posix/Socket.cc:345 | Binding (sockfd = 51) to 0.0.0.0 9955: 98 - Address already in use: ER_OS_ERROR
Daemon Connect succeeded.
AllJoyn Library version: v14.06.00a
AllJoyn Library build info: AllJoyn Library v14.06.00a (Built Fri Jun 26 10:03:39 UTC 2015 by vedams - Git: uid-basic.git branch: 'master' tag: '<none>' commit ref: c2836cbfc5e44f5bf74c3398de839b4632d63ef2)
BusAttachment started.
   0.248 ****** ERROR NETWORK external          common/os/posix/Socket.cc:345 | Binding (sockfd = 51) to 0.0.0.0 9955: 98 - Address already in use: ER_OS_ERROR
Daemon Connect succeeded.
AllJoyn Library version: v14.06.00a
AllJoyn Library build info: AllJoyn Library v14.06.00a (Built Fri Jun 26 10:03:39 UTC 2015 by vedams - Git: uid-basic.git branch: 'master' tag: '<none>' commit ref: c2836cbfc5e44f5bf74c3398de839b4632d63ef2)
BusAttachment started.
   0.695 ****** ERROR NETWORK external          common/os/posix/Socket.cc:345 | Binding (sockfd = 51) to 0.0.0.0 9955: 98 - Address already in use: ER_OS_ERROR
Daemon Connect succeeded.
AllJoyn Library version: v14.06.00a
AllJoyn Library build info: AllJoyn Library v14.06.00a (Built Fri Jun 26 10:03:39 UTC 2015 by vedams - Git: uid-basic.git branch: 'master' tag: '<none>' commit ref: c2836cbfc5e44f5bf74c3398de839b4632d63ef2)
BusAttachment started.
   0.061 ****** ERROR NETWORK external          common/os/posix/Socket.cc:345 | Binding (sockfd = 51) to 0.0.0.0 9955: 98 - Address already in use: ER_OS_ERROR
Daemon Connect succeeded.
AllJoyn Library version: v14.06.00a
AllJoyn Library build info: AllJoyn Library v14.06.00a (Built Fri Jun 26 10:03:39 UTC 2015 by vedams - Git: uid-basic.git branch: 'master' tag: '<none>' commit ref: c2836cbfc5e44f5bf74c3398de839b4632d63ef2)
BusAttachment started.
   0.430 ****** ERROR NETWORK external          common/os/posix/Socket.cc:345 | Binding (sockfd = 51) to 0.0.0.0 9955: 98 - Address already in use: ER_OS_ERROR
Daemon Connect succeeded.
AllJoyn Library version: v14.06.00a
AllJoyn Library build info: AllJoyn Library v14.06.00a (Built Fri Jun 26 10:03:39 UTC 2015 by vedams - Git: uid-basic.git branch: 'master' tag: '<none>' commit ref: c2836cbfc5e44f5bf74c3398de839b4632d63ef2)
BusAttachment started.
   0.114 ****** ERROR NETWORK external          common/os/posix/Socket.cc:345 | Binding (sockfd = 51) to 0.0.0.0 9955: 98 - Address already in use: ER_OS_ERROR
Daemon Connect succeeded.
AllJoyn Library version: v14.06.00a
AllJoyn Library build info: AllJoyn Library v14.06.00a (Built Fri Jun 26 10:03:39 UTC 2015 by vedams - Git: uid-basic.git branch: 'master' tag: '<none>' commit ref: c2836cbfc5e44f5bf74c3398de839b4632d63ef2)
BusAttachment started.
   1.045 ****** ERROR NETWORK external          common/os/posix/Socket.cc:345 | Binding (sockfd = 51) to 0.0.0.0 9955: 98 - Address already in use: ER_OS_ERROR
Daemon Connect succeeded.
AllJoyn Library version: v14.06.00a
AllJoyn Library build info: AllJoyn Library v14.06.00a (Built Fri Jun 26 10:03:39 UTC 2015 by vedams - Git: uid-basic.git branch: 'master' tag: '<none>' commit ref: c2836cbfc5e44f5bf74c3398de839b4632d63ef2)
BusAttachment started.
   0.146 ****** ERROR NETWORK external          common/os/posix/Socket.cc:345 | Binding (sockfd = 51) to 0.0.0.0 9955: 98 - Address already in use: ER_OS_ERROR
Daemon Connect succeeded.
AllJoyn Library version: v14.06.00a
AllJoyn Library build info: AllJoyn Library v14.06.00a (Built Fri Jun 26 10:03:39 UTC 2015 by vedams - Git: uid-basic.git branch: 'master' tag: '<none>' commit ref: c2836cbfc5e44f5bf74c3398de839b4632d63ef2)
BusAttachment started.
   0.134 ****** ERROR NETWORK external          common/os/posix/Socket.cc:345 | Binding (sockfd = 51) to 0.0.0.0 9955: 98 - Address already in use: ER_OS_ERROR
Daemon Connect succeeded.
AllJoyn Library version: v14.06.00a
AllJoyn Library build info: AllJoyn Library v14.06.00a (Built Fri Jun 26 10:03:39 UTC 2015 by vedams - Git: uid-basic.git branch: 'master' tag: '<none>' commit ref: c2836cbfc5e44f5bf74c3398de839b4632d63ef2)
BusAttachment started.
   0.276 ****** ERROR NETWORK external          common/os/posix/Socket.cc:345 | Binding (sockfd = 51) to 0.0.0.0 9955: 98 - Address already in use: ER_OS_ERROR
Daemon Connect succeeded.
AllJoyn Library version: v14.06.00a
AllJoyn Library build info: AllJoyn Library v14.06.00a (Built Fri Jun 26 10:03:39 UTC 2015 by vedams - Git: uid-basic.git branch: 'master' tag: '<none>' commit ref: c2836cbfc5e44f5bf74c3398de839b4632d63ef2)
BusAttachment started.
   0.304 ****** ERROR NETWORK external          common/os/posix/Socket.cc:345 | Binding (sockfd = 51) to 0.0.0.0 9955: 98 - Address already in use: ER_OS_ERROR
Daemon Connect succeeded.
 185.006 ****** ERROR NETWORK iodisp            common/os/posix/Socket.cc:462 | Shutdown socket (sockfd = 66): 107 - Transport endpoint is not connected: ER_OS_ERROR
