Begin Consumer Application. (Press CTRL+C to end application)
Enter in a list of app names (separated by ';') you would like to receive notifications from.
Empty list means all app names.
Waiting for notifications.
got signal_callback_handler
Getting out from WaitForSigInt()
cleanup() - start
cleanup() - conService
Begin Consumer Application. (Press CTRL+C to end application)
Enter in a list of app names (separated by ';') you would like to receive notifications from.
Empty list means all app names.
   0.686 ****** ERROR NETWORK external          common/os/posix/Socket.cc:345 | Binding (sockfd = 51) to 0.0.0.0 9955: 98 - Address already in use: ER_OS_ERROR
   0.690 DEBUG    Notification external         ...NotificationService.cc:132 | Init receive
   0.691 DEBUG    Notification external         ...ionTransportConsumer.cc:49 | Registered the SignalHandler successfully
   0.691 DEBUG    Notification external         ...n/cpp/src/Transport.cc:332 | Match String is: type='signal',sessionless='t',interface='org.alljoyn.Notification'
   0.693 TRACE    Notification external         ...ionDismisserReceiver.cc:34 | NotificationDismisserReceiver::NotificationDismisserReceiver() - called()
   0.694 DEBUG    Notification external         ...ionDismisserReceiver.cc:54 | Registered the SignalHandler successfully
   0.694 DEBUG    Notification external         ...n/cpp/src/Transport.cc:371 | NotificationDismisserReceiver Match String is: type='signal',sessionless='t',interface='org.alljoyn.Notification.Dismisser'
   0.695 DEBUG    Notification external         ...ationDismisserSender.cc:42 | NotificationDismisserSender()  - Got objectpath=/notificationDismisser
   0.696 DEBUG    Notification external         ...nTransportSuperAgent.cc:67 | Registered the SignalHandler successfully
   0.696 DEBUG    Notification external         ...n/cpp/src/Transport.cc:416 | SuperAgent Match String is: type='signal',sessionless='t',interface='org.alljoyn.Notification.Superagent'
   0.698 TRACE    ALLJOYN_ABOUT_ANNOUNCE_HANDLER external ...nceHandler.cc:26 | AnnounceHandler::AnnounceHandler
   0.698 TRACE    ALLJOYN_ABOUT_ANNOUNCEMENT_REGISTRAR external ...trar.cc:31 | AnnouncementRegistrar::RegisterAnnounceHandler
   0.698 TRACE    ALLJOYN_ABOUT_ANNOUNCE_HANDLER external ...nceHandler.cc:33 | InternalAnnounceHandler::InternalAnnounceHandler
   0.698 DEBUG    ALLJOYN_ABOUT_ANNOUNCEMENT_REGISTRAR external ...trar.cc:94 | AnnouncementRegistrar::RegisterAnnounceHandler Registered Signal Handler
   0.698 TRACE    ALLJOYN_ABOUT_ANNOUNCE_HANDLER external ...nceHandler.cc:64 | InternalAnnounceHandler::AddHandler
   0.699 TRACE    ALLJOYN_ABOUT_ANNOUNCE_HANDLER external ...nceHandler.cc:81 | Calling AddMatch("type='signal',interface='org.alljoyn.About',member='Announce',sessionless='t',implements='org.alljoyn.Notification.Superagent'")
   0.705 DEBUG    ALLJOYN_ABOUT_ANNOUNCEMENT_REGISTRAR external ...rar.cc:103 | AnnouncementRegistrar::RegisterAnnounceHandler result ER_OK
   0.705 DEBUG    Notification external         ...n/cpp/src/Transport.cc:432 | successfully listens announcements.
   0.705 DEBUG    Notification external         ...n/cpp/src/Transport.cc:441 | Started Receiver successfully
Waiting for notifications.
Begin Consumer Application. (Press CTRL+C to end application)
Enter in a list of app names (separated by ';') you would like to receive notifications from.
Empty list means all app names.
   0.646 ****** ERROR NETWORK external          common/os/posix/Socket.cc:345 | Binding (sockfd = 51) to 0.0.0.0 9955: 98 - Address already in use: ER_OS_ERROR
   0.656 DEBUG    Notification external         ...NotificationService.cc:132 | Init receive
   0.657 DEBUG    Notification external         ...ionTransportConsumer.cc:49 | Registered the SignalHandler successfully
   0.657 DEBUG    Notification external         ...n/cpp/src/Transport.cc:332 | Match String is: type='signal',sessionless='t',interface='org.alljoyn.Notification'
   0.700 TRACE    Notification external         ...ionDismisserReceiver.cc:34 | NotificationDismisserReceiver::NotificationDismisserReceiver() - called()
   0.700 DEBUG    Notification external         ...ionDismisserReceiver.cc:54 | Registered the SignalHandler successfully
   0.700 DEBUG    Notification external         ...n/cpp/src/Transport.cc:371 | NotificationDismisserReceiver Match String is: type='signal',sessionless='t',interface='org.alljoyn.Notification.Dismisser'
   0.702 DEBUG    Notification external         ...ationDismisserSender.cc:42 | NotificationDismisserSender()  - Got objectpath=/notificationDismisser
   0.708 DEBUG    Notification external         ...nTransportSuperAgent.cc:67 | Registered the SignalHandler successfully
   0.713 DEBUG    Notification external         ...n/cpp/src/Transport.cc:416 | SuperAgent Match String is: type='signal',sessionless='t',interface='org.alljoyn.Notification.Superagent'
   0.744 TRACE    ALLJOYN_ABOUT_ANNOUNCE_HANDLER external ...nceHandler.cc:26 | AnnounceHandler::AnnounceHandler
   0.744 TRACE    ALLJOYN_ABOUT_ANNOUNCEMENT_REGISTRAR external ...trar.cc:31 | AnnouncementRegistrar::RegisterAnnounceHandler
   0.744 TRACE    ALLJOYN_ABOUT_ANNOUNCE_HANDLER external ...nceHandler.cc:33 | InternalAnnounceHandler::InternalAnnounceHandler
   0.745 DEBUG    ALLJOYN_ABOUT_ANNOUNCEMENT_REGISTRAR external ...trar.cc:94 | AnnouncementRegistrar::RegisterAnnounceHandler Registered Signal Handler
   0.745 TRACE    ALLJOYN_ABOUT_ANNOUNCE_HANDLER external ...nceHandler.cc:64 | InternalAnnounceHandler::AddHandler
   0.745 TRACE    ALLJOYN_ABOUT_ANNOUNCE_HANDLER external ...nceHandler.cc:81 | Calling AddMatch("type='signal',interface='org.alljoyn.About',member='Announce',sessionless='t',implements='org.alljoyn.Notification.Superagent'")
   0.747 DEBUG    ALLJOYN_ABOUT_ANNOUNCEMENT_REGISTRAR external ...rar.cc:103 | AnnouncementRegistrar::RegisterAnnounceHandler result ER_OK
   0.747 DEBUG    Notification external         ...n/cpp/src/Transport.cc:432 | successfully listens announcements.
   0.747 DEBUG    Notification external         ...n/cpp/src/Transport.cc:441 | Started Receiver successfully
Waiting for notifications.
Begin Consumer Application. (Press CTRL+C to end application)
Enter in a list of app names (separated by ';') you would like to receive notifications from.
Empty list means all app names.
   0.225 ****** ERROR NETWORK external          common/os/posix/Socket.cc:345 | Binding (sockfd = 51) to 0.0.0.0 9955: 98 - Address already in use: ER_OS_ERROR
   0.228 DEBUG    Notification external         ...NotificationService.cc:132 | Init receive
   0.229 DEBUG    Notification external         ...ionTransportConsumer.cc:49 | Registered the SignalHandler successfully
   0.229 DEBUG    Notification external         ...n/cpp/src/Transport.cc:332 | Match String is: type='signal',sessionless='t',interface='org.alljoyn.Notification'
   0.247 TRACE    Notification external         ...ionDismisserReceiver.cc:34 | NotificationDismisserReceiver::NotificationDismisserReceiver() - called()
   0.247 DEBUG    Notification external         ...ionDismisserReceiver.cc:54 | Registered the SignalHandler successfully
   0.264 DEBUG    Notification external         ...n/cpp/src/Transport.cc:371 | NotificationDismisserReceiver Match String is: type='signal',sessionless='t',interface='org.alljoyn.Notification.Dismisser'
   0.277 DEBUG    Notification external         ...ationDismisserSender.cc:42 | NotificationDismisserSender()  - Got objectpath=/notificationDismisser
   0.279 DEBUG    Notification external         ...nTransportSuperAgent.cc:67 | Registered the SignalHandler successfully
   0.282 DEBUG    Notification external         ...n/cpp/src/Transport.cc:416 | SuperAgent Match String is: type='signal',sessionless='t',interface='org.alljoyn.Notification.Superagent'
   0.300 TRACE    ALLJOYN_ABOUT_ANNOUNCE_HANDLER external ...nceHandler.cc:26 | AnnounceHandler::AnnounceHandler
   0.301 TRACE    ALLJOYN_ABOUT_ANNOUNCEMENT_REGISTRAR external ...trar.cc:31 | AnnouncementRegistrar::RegisterAnnounceHandler
   0.301 TRACE    ALLJOYN_ABOUT_ANNOUNCE_HANDLER external ...nceHandler.cc:33 | InternalAnnounceHandler::InternalAnnounceHandler
   0.301 DEBUG    ALLJOYN_ABOUT_ANNOUNCEMENT_REGISTRAR external ...trar.cc:94 | AnnouncementRegistrar::RegisterAnnounceHandler Registered Signal Handler
   0.301 TRACE    ALLJOYN_ABOUT_ANNOUNCE_HANDLER external ...nceHandler.cc:64 | InternalAnnounceHandler::AddHandler
   0.301 TRACE    ALLJOYN_ABOUT_ANNOUNCE_HANDLER external ...nceHandler.cc:81 | Calling AddMatch("type='signal',interface='org.alljoyn.About',member='Announce',sessionless='t',implements='org.alljoyn.Notification.Superagent'")
   0.302 DEBUG    ALLJOYN_ABOUT_ANNOUNCEMENT_REGISTRAR external ...rar.cc:103 | AnnouncementRegistrar::RegisterAnnounceHandler result ER_OK
   0.303 DEBUG    Notification external         ...n/cpp/src/Transport.cc:432 | successfully listens announcements.
   0.303 DEBUG    Notification external         ...n/cpp/src/Transport.cc:441 | Started Receiver successfully
Waiting for notifications.
Begin Consumer Application. (Press CTRL+C to end application)
Enter in a list of app names (separated by ';') you would like to receive notifications from.
Empty list means all app names.
   0.350 ****** ERROR NETWORK external          common/os/posix/Socket.cc:345 | Binding (sockfd = 51) to 0.0.0.0 9955: 98 - Address already in use: ER_OS_ERROR
   0.353 DEBUG    Notification external         ...NotificationService.cc:132 | Init receive
   0.354 DEBUG    Notification external         ...ionTransportConsumer.cc:49 | Registered the SignalHandler successfully
   0.354 DEBUG    Notification external         ...n/cpp/src/Transport.cc:332 | Match String is: type='signal',sessionless='t',interface='org.alljoyn.Notification'
   0.382 TRACE    Notification external         ...ionDismisserReceiver.cc:34 | NotificationDismisserReceiver::NotificationDismisserReceiver() - called()
   0.382 DEBUG    Notification external         ...ionDismisserReceiver.cc:54 | Registered the SignalHandler successfully
   0.382 DEBUG    Notification external         ...n/cpp/src/Transport.cc:371 | NotificationDismisserReceiver Match String is: type='signal',sessionless='t',interface='org.alljoyn.Notification.Dismisser'
   0.384 DEBUG    Notification external         ...ationDismisserSender.cc:42 | NotificationDismisserSender()  - Got objectpath=/notificationDismisser
   0.384 DEBUG    Notification external         ...nTransportSuperAgent.cc:67 | Registered the SignalHandler successfully
   0.385 DEBUG    Notification external         ...n/cpp/src/Transport.cc:416 | SuperAgent Match String is: type='signal',sessionless='t',interface='org.alljoyn.Notification.Superagent'
   0.400 TRACE    ALLJOYN_ABOUT_ANNOUNCE_HANDLER external ...nceHandler.cc:26 | AnnounceHandler::AnnounceHandler
   0.400 TRACE    ALLJOYN_ABOUT_ANNOUNCEMENT_REGISTRAR external ...trar.cc:31 | AnnouncementRegistrar::RegisterAnnounceHandler
   0.400 TRACE    ALLJOYN_ABOUT_ANNOUNCE_HANDLER external ...nceHandler.cc:33 | InternalAnnounceHandler::InternalAnnounceHandler
   0.400 DEBUG    ALLJOYN_ABOUT_ANNOUNCEMENT_REGISTRAR external ...trar.cc:94 | AnnouncementRegistrar::RegisterAnnounceHandler Registered Signal Handler
   0.400 TRACE    ALLJOYN_ABOUT_ANNOUNCE_HANDLER external ...nceHandler.cc:64 | InternalAnnounceHandler::AddHandler
   0.400 TRACE    ALLJOYN_ABOUT_ANNOUNCE_HANDLER external ...nceHandler.cc:81 | Calling AddMatch("type='signal',interface='org.alljoyn.About',member='Announce',sessionless='t',implements='org.alljoyn.Notification.Superagent'")
   0.460 DEBUG    ALLJOYN_ABOUT_ANNOUNCEMENT_REGISTRAR external ...rar.cc:103 | AnnouncementRegistrar::RegisterAnnounceHandler result ER_OK
   0.460 DEBUG    Notification external         ...n/cpp/src/Transport.cc:432 | successfully listens announcements.
   0.461 DEBUG    Notification external         ...n/cpp/src/Transport.cc:441 | Started Receiver successfully
Waiting for notifications.
Begin Consumer Application. (Press CTRL+C to end application)
Enter in a list of app names (separated by ';') you would like to receive notifications from.
Empty list means all app names.
   0.282 ****** ERROR NETWORK external          common/os/posix/Socket.cc:345 | Binding (sockfd = 51) to 0.0.0.0 9955: 98 - Address already in use: ER_OS_ERROR
   0.289 DEBUG    Notification external         ...NotificationService.cc:132 | Init receive
   0.289 DEBUG    Notification external         ...ionTransportConsumer.cc:49 | Registered the SignalHandler successfully
   0.289 DEBUG    Notification external         ...n/cpp/src/Transport.cc:332 | Match String is: type='signal',sessionless='t',interface='org.alljoyn.Notification'
   0.312 TRACE    Notification external         ...ionDismisserReceiver.cc:34 | NotificationDismisserReceiver::NotificationDismisserReceiver() - called()
   0.312 DEBUG    Notification external         ...ionDismisserReceiver.cc:54 | Registered the SignalHandler successfully
   0.312 DEBUG    Notification external         ...n/cpp/src/Transport.cc:371 | NotificationDismisserReceiver Match String is: type='signal',sessionless='t',interface='org.alljoyn.Notification.Dismisser'
   0.314 DEBUG    Notification external         ...ationDismisserSender.cc:42 | NotificationDismisserSender()  - Got objectpath=/notificationDismisser
   0.314 DEBUG    Notification external         ...nTransportSuperAgent.cc:67 | Registered the SignalHandler successfully
   0.315 DEBUG    Notification external         ...n/cpp/src/Transport.cc:416 | SuperAgent Match String is: type='signal',sessionless='t',interface='org.alljoyn.Notification.Superagent'
   0.325 TRACE    ALLJOYN_ABOUT_ANNOUNCE_HANDLER external ...nceHandler.cc:26 | AnnounceHandler::AnnounceHandler
   0.325 TRACE    ALLJOYN_ABOUT_ANNOUNCEMENT_REGISTRAR external ...trar.cc:31 | AnnouncementRegistrar::RegisterAnnounceHandler
   0.325 TRACE    ALLJOYN_ABOUT_ANNOUNCE_HANDLER external ...nceHandler.cc:33 | InternalAnnounceHandler::InternalAnnounceHandler
   0.326 DEBUG    ALLJOYN_ABOUT_ANNOUNCEMENT_REGISTRAR external ...trar.cc:94 | AnnouncementRegistrar::RegisterAnnounceHandler Registered Signal Handler
   0.326 TRACE    ALLJOYN_ABOUT_ANNOUNCE_HANDLER external ...nceHandler.cc:64 | InternalAnnounceHandler::AddHandler
   0.326 TRACE    ALLJOYN_ABOUT_ANNOUNCE_HANDLER external ...nceHandler.cc:81 | Calling AddMatch("type='signal',interface='org.alljoyn.About',member='Announce',sessionless='t',implements='org.alljoyn.Notification.Superagent'")
   0.401 DEBUG    ALLJOYN_ABOUT_ANNOUNCEMENT_REGISTRAR external ...rar.cc:103 | AnnouncementRegistrar::RegisterAnnounceHandler result ER_OK
   0.401 DEBUG    Notification external         ...n/cpp/src/Transport.cc:432 | successfully listens announcements.
   0.401 DEBUG    Notification external         ...n/cpp/src/Transport.cc:441 | Started Receiver successfully
Waiting for notifications.
Begin Consumer Application. (Press CTRL+C to end application)
Enter in a list of app names (separated by ';') you would like to receive notifications from.
Empty list means all app names.
   0.470 ****** ERROR NETWORK external          common/os/posix/Socket.cc:345 | Binding (sockfd = 51) to 0.0.0.0 9955: 98 - Address already in use: ER_OS_ERROR
   0.474 DEBUG    Notification external         ...NotificationService.cc:132 | Init receive
   0.474 DEBUG    Notification external         ...ionTransportConsumer.cc:49 | Registered the SignalHandler successfully
   0.475 DEBUG    Notification external         ...n/cpp/src/Transport.cc:332 | Match String is: type='signal',sessionless='t',interface='org.alljoyn.Notification'
   0.477 TRACE    Notification external         ...ionDismisserReceiver.cc:34 | NotificationDismisserReceiver::NotificationDismisserReceiver() - called()
   0.477 DEBUG    Notification external         ...ionDismisserReceiver.cc:54 | Registered the SignalHandler successfully
   0.478 DEBUG    Notification external         ...n/cpp/src/Transport.cc:371 | NotificationDismisserReceiver Match String is: type='signal',sessionless='t',interface='org.alljoyn.Notification.Dismisser'
   0.479 DEBUG    Notification external         ...ationDismisserSender.cc:42 | NotificationDismisserSender()  - Got objectpath=/notificationDismisser
   0.480 DEBUG    Notification external         ...nTransportSuperAgent.cc:67 | Registered the SignalHandler successfully
   0.480 DEBUG    Notification external         ...n/cpp/src/Transport.cc:416 | SuperAgent Match String is: type='signal',sessionless='t',interface='org.alljoyn.Notification.Superagent'
   0.482 TRACE    ALLJOYN_ABOUT_ANNOUNCE_HANDLER external ...nceHandler.cc:26 | AnnounceHandler::AnnounceHandler
   0.482 TRACE    ALLJOYN_ABOUT_ANNOUNCEMENT_REGISTRAR external ...trar.cc:31 | AnnouncementRegistrar::RegisterAnnounceHandler
   0.482 TRACE    ALLJOYN_ABOUT_ANNOUNCE_HANDLER external ...nceHandler.cc:33 | InternalAnnounceHandler::InternalAnnounceHandler
   0.482 DEBUG    ALLJOYN_ABOUT_ANNOUNCEMENT_REGISTRAR external ...trar.cc:94 | AnnouncementRegistrar::RegisterAnnounceHandler Registered Signal Handler
   0.482 TRACE    ALLJOYN_ABOUT_ANNOUNCE_HANDLER external ...nceHandler.cc:64 | InternalAnnounceHandler::AddHandler
   0.483 TRACE    ALLJOYN_ABOUT_ANNOUNCE_HANDLER external ...nceHandler.cc:81 | Calling AddMatch("type='signal',interface='org.alljoyn.About',member='Announce',sessionless='t',implements='org.alljoyn.Notification.Superagent'")
   0.565 DEBUG    ALLJOYN_ABOUT_ANNOUNCEMENT_REGISTRAR external ...rar.cc:103 | AnnouncementRegistrar::RegisterAnnounceHandler result ER_OK
   0.565 DEBUG    Notification external         ...n/cpp/src/Transport.cc:432 | successfully listens announcements.
   0.565 DEBUG    Notification external         ...n/cpp/src/Transport.cc:441 | Started Receiver successfully
Waiting for notifications.
Begin Consumer Application. (Press CTRL+C to end application)
Enter in a list of app names (separated by ';') you would like to receive notifications from.
Empty list means all app names.
   0.112 ****** ERROR NETWORK external          common/os/posix/Socket.cc:345 | Binding (sockfd = 51) to 0.0.0.0 9955: 98 - Address already in use: ER_OS_ERROR
   0.118 DEBUG    Notification external         ...NotificationService.cc:132 | Init receive
   0.118 DEBUG    Notification external         ...ionTransportConsumer.cc:49 | Registered the SignalHandler successfully
   0.119 DEBUG    Notification external         ...n/cpp/src/Transport.cc:332 | Match String is: type='signal',sessionless='t',interface='org.alljoyn.Notification'
   0.138 TRACE    Notification external         ...ionDismisserReceiver.cc:34 | NotificationDismisserReceiver::NotificationDismisserReceiver() - called()
   0.138 DEBUG    Notification external         ...ionDismisserReceiver.cc:54 | Registered the SignalHandler successfully
   0.138 DEBUG    Notification external         ...n/cpp/src/Transport.cc:371 | NotificationDismisserReceiver Match String is: type='signal',sessionless='t',interface='org.alljoyn.Notification.Dismisser'
   0.177 DEBUG    Notification external         ...ationDismisserSender.cc:42 | NotificationDismisserSender()  - Got objectpath=/notificationDismisser
   0.178 DEBUG    Notification external         ...nTransportSuperAgent.cc:67 | Registered the SignalHandler successfully
   0.178 DEBUG    Notification external         ...n/cpp/src/Transport.cc:416 | SuperAgent Match String is: type='signal',sessionless='t',interface='org.alljoyn.Notification.Superagent'
   0.184 TRACE    ALLJOYN_ABOUT_ANNOUNCE_HANDLER external ...nceHandler.cc:26 | AnnounceHandler::AnnounceHandler
   0.184 TRACE    ALLJOYN_ABOUT_ANNOUNCEMENT_REGISTRAR external ...trar.cc:31 | AnnouncementRegistrar::RegisterAnnounceHandler
   0.184 TRACE    ALLJOYN_ABOUT_ANNOUNCE_HANDLER external ...nceHandler.cc:33 | InternalAnnounceHandler::InternalAnnounceHandler
   0.184 DEBUG    ALLJOYN_ABOUT_ANNOUNCEMENT_REGISTRAR external ...trar.cc:94 | AnnouncementRegistrar::RegisterAnnounceHandler Registered Signal Handler
   0.184 TRACE    ALLJOYN_ABOUT_ANNOUNCE_HANDLER external ...nceHandler.cc:64 | InternalAnnounceHandler::AddHandler
   0.185 TRACE    ALLJOYN_ABOUT_ANNOUNCE_HANDLER external ...nceHandler.cc:81 | Calling AddMatch("type='signal',interface='org.alljoyn.About',member='Announce',sessionless='t',implements='org.alljoyn.Notification.Superagent'")
   0.211 DEBUG    ALLJOYN_ABOUT_ANNOUNCEMENT_REGISTRAR external ...rar.cc:103 | AnnouncementRegistrar::RegisterAnnounceHandler result ER_OK
   0.211 DEBUG    Notification external         ...n/cpp/src/Transport.cc:432 | successfully listens announcements.
   0.211 DEBUG    Notification external         ...n/cpp/src/Transport.cc:441 | Started Receiver successfully
Waiting for notifications.
Begin Consumer Application. (Press CTRL+C to end application)
Enter in a list of app names (separated by ';') you would like to receive notifications from.
Empty list means all app names.
   0.283 ****** ERROR NETWORK external          common/os/posix/Socket.cc:345 | Binding (sockfd = 51) to 0.0.0.0 9955: 98 - Address already in use: ER_OS_ERROR
   0.286 DEBUG    Notification external         ...NotificationService.cc:132 | Init receive
   0.287 DEBUG    Notification external         ...ionTransportConsumer.cc:49 | Registered the SignalHandler successfully
   0.287 DEBUG    Notification external         ...n/cpp/src/Transport.cc:332 | Match String is: type='signal',sessionless='t',interface='org.alljoyn.Notification'
   0.290 TRACE    Notification external         ...ionDismisserReceiver.cc:34 | NotificationDismisserReceiver::NotificationDismisserReceiver() - called()
   0.290 DEBUG    Notification external         ...ionDismisserReceiver.cc:54 | Registered the SignalHandler successfully
   0.290 DEBUG    Notification external         ...n/cpp/src/Transport.cc:371 | NotificationDismisserReceiver Match String is: type='signal',sessionless='t',interface='org.alljoyn.Notification.Dismisser'
   0.291 DEBUG    Notification external         ...ationDismisserSender.cc:42 | NotificationDismisserSender()  - Got objectpath=/notificationDismisser
   0.315 DEBUG    Notification external         ...nTransportSuperAgent.cc:67 | Registered the SignalHandler successfully
   0.318 DEBUG    Notification external         ...n/cpp/src/Transport.cc:416 | SuperAgent Match String is: type='signal',sessionless='t',interface='org.alljoyn.Notification.Superagent'
   0.340 TRACE    ALLJOYN_ABOUT_ANNOUNCE_HANDLER external ...nceHandler.cc:26 | AnnounceHandler::AnnounceHandler
   0.340 TRACE    ALLJOYN_ABOUT_ANNOUNCEMENT_REGISTRAR external ...trar.cc:31 | AnnouncementRegistrar::RegisterAnnounceHandler
   0.341 TRACE    ALLJOYN_ABOUT_ANNOUNCE_HANDLER external ...nceHandler.cc:33 | InternalAnnounceHandler::InternalAnnounceHandler
   0.341 DEBUG    ALLJOYN_ABOUT_ANNOUNCEMENT_REGISTRAR external ...trar.cc:94 | AnnouncementRegistrar::RegisterAnnounceHandler Registered Signal Handler
   0.341 TRACE    ALLJOYN_ABOUT_ANNOUNCE_HANDLER external ...nceHandler.cc:64 | InternalAnnounceHandler::AddHandler
   0.341 TRACE    ALLJOYN_ABOUT_ANNOUNCE_HANDLER external ...nceHandler.cc:81 | Calling AddMatch("type='signal',interface='org.alljoyn.About',member='Announce',sessionless='t',implements='org.alljoyn.Notification.Superagent'")
   0.342 DEBUG    ALLJOYN_ABOUT_ANNOUNCEMENT_REGISTRAR external ...rar.cc:103 | AnnouncementRegistrar::RegisterAnnounceHandler result ER_OK
   0.342 DEBUG    Notification external         ...n/cpp/src/Transport.cc:432 | successfully listens announcements.
   0.343 DEBUG    Notification external         ...n/cpp/src/Transport.cc:441 | Started Receiver successfully
Waiting for notifications.
Begin Consumer Application. (Press CTRL+C to end application)
Enter in a list of app names (separated by ';') you would like to receive notifications from.
Empty list means all app names.
   0.727 ****** ERROR NETWORK external          common/os/posix/Socket.cc:345 | Binding (sockfd = 51) to 0.0.0.0 9955: 98 - Address already in use: ER_OS_ERROR
   0.731 DEBUG    Notification external         ...NotificationService.cc:132 | Init receive
   0.731 DEBUG    Notification external         ...ionTransportConsumer.cc:49 | Registered the SignalHandler successfully
   0.731 DEBUG    Notification external         ...n/cpp/src/Transport.cc:332 | Match String is: type='signal',sessionless='t',interface='org.alljoyn.Notification'
   0.742 TRACE    Notification external         ...ionDismisserReceiver.cc:34 | NotificationDismisserReceiver::NotificationDismisserReceiver() - called()
   0.742 DEBUG    Notification external         ...ionDismisserReceiver.cc:54 | Registered the SignalHandler successfully
   0.743 DEBUG    Notification external         ...n/cpp/src/Transport.cc:371 | NotificationDismisserReceiver Match String is: type='signal',sessionless='t',interface='org.alljoyn.Notification.Dismisser'
   0.759 DEBUG    Notification external         ...ationDismisserSender.cc:42 | NotificationDismisserSender()  - Got objectpath=/notificationDismisser
   0.760 DEBUG    Notification external         ...nTransportSuperAgent.cc:67 | Registered the SignalHandler successfully
   0.760 DEBUG    Notification external         ...n/cpp/src/Transport.cc:416 | SuperAgent Match String is: type='signal',sessionless='t',interface='org.alljoyn.Notification.Superagent'
   0.763 TRACE    ALLJOYN_ABOUT_ANNOUNCE_HANDLER external ...nceHandler.cc:26 | AnnounceHandler::AnnounceHandler
   0.763 TRACE    ALLJOYN_ABOUT_ANNOUNCEMENT_REGISTRAR external ...trar.cc:31 | AnnouncementRegistrar::RegisterAnnounceHandler
   0.763 TRACE    ALLJOYN_ABOUT_ANNOUNCE_HANDLER external ...nceHandler.cc:33 | InternalAnnounceHandler::InternalAnnounceHandler
   0.763 DEBUG    ALLJOYN_ABOUT_ANNOUNCEMENT_REGISTRAR external ...trar.cc:94 | AnnouncementRegistrar::RegisterAnnounceHandler Registered Signal Handler
   0.763 TRACE    ALLJOYN_ABOUT_ANNOUNCE_HANDLER external ...nceHandler.cc:64 | InternalAnnounceHandler::AddHandler
   0.763 TRACE    ALLJOYN_ABOUT_ANNOUNCE_HANDLER external ...nceHandler.cc:81 | Calling AddMatch("type='signal',interface='org.alljoyn.About',member='Announce',sessionless='t',implements='org.alljoyn.Notification.Superagent'")
   0.791 DEBUG    ALLJOYN_ABOUT_ANNOUNCEMENT_REGISTRAR external ...rar.cc:103 | AnnouncementRegistrar::RegisterAnnounceHandler result ER_OK
   0.791 DEBUG    Notification external         ...n/cpp/src/Transport.cc:432 | successfully listens announcements.
   0.791 DEBUG    Notification external         ...n/cpp/src/Transport.cc:441 | Started Receiver successfully
Waiting for notifications.
Begin Consumer Application. (Press CTRL+C to end application)
Enter in a list of app names (separated by ';') you would like to receive notifications from.
Empty list means all app names.
   0.098 ****** ERROR NETWORK external          common/os/posix/Socket.cc:345 | Binding (sockfd = 51) to 0.0.0.0 9955: 98 - Address already in use: ER_OS_ERROR
   0.104 DEBUG    Notification external         ...NotificationService.cc:132 | Init receive
   0.105 DEBUG    Notification external         ...ionTransportConsumer.cc:49 | Registered the SignalHandler successfully
   0.105 DEBUG    Notification external         ...n/cpp/src/Transport.cc:332 | Match String is: type='signal',sessionless='t',interface='org.alljoyn.Notification'
   0.108 TRACE    Notification external         ...ionDismisserReceiver.cc:34 | NotificationDismisserReceiver::NotificationDismisserReceiver() - called()
   0.108 DEBUG    Notification external         ...ionDismisserReceiver.cc:54 | Registered the SignalHandler successfully
   0.109 DEBUG    Notification external         ...n/cpp/src/Transport.cc:371 | NotificationDismisserReceiver Match String is: type='signal',sessionless='t',interface='org.alljoyn.Notification.Dismisser'
   0.111 DEBUG    Notification external         ...ationDismisserSender.cc:42 | NotificationDismisserSender()  - Got objectpath=/notificationDismisser
   0.112 DEBUG    Notification external         ...nTransportSuperAgent.cc:67 | Registered the SignalHandler successfully
   0.112 DEBUG    Notification external         ...n/cpp/src/Transport.cc:416 | SuperAgent Match String is: type='signal',sessionless='t',interface='org.alljoyn.Notification.Superagent'
   0.114 TRACE    ALLJOYN_ABOUT_ANNOUNCE_HANDLER external ...nceHandler.cc:26 | AnnounceHandler::AnnounceHandler
   0.114 TRACE    ALLJOYN_ABOUT_ANNOUNCEMENT_REGISTRAR external ...trar.cc:31 | AnnouncementRegistrar::RegisterAnnounceHandler
   0.114 TRACE    ALLJOYN_ABOUT_ANNOUNCE_HANDLER external ...nceHandler.cc:33 | InternalAnnounceHandler::InternalAnnounceHandler
   0.115 DEBUG    ALLJOYN_ABOUT_ANNOUNCEMENT_REGISTRAR external ...trar.cc:94 | AnnouncementRegistrar::RegisterAnnounceHandler Registered Signal Handler
   0.115 TRACE    ALLJOYN_ABOUT_ANNOUNCE_HANDLER external ...nceHandler.cc:64 | InternalAnnounceHandler::AddHandler
   0.115 TRACE    ALLJOYN_ABOUT_ANNOUNCE_HANDLER external ...nceHandler.cc:81 | Calling AddMatch("type='signal',interface='org.alljoyn.About',member='Announce',sessionless='t',implements='org.alljoyn.Notification.Superagent'")
   0.116 DEBUG    ALLJOYN_ABOUT_ANNOUNCEMENT_REGISTRAR external ...rar.cc:103 | AnnouncementRegistrar::RegisterAnnounceHandler result ER_OK
   0.116 DEBUG    Notification external         ...n/cpp/src/Transport.cc:432 | successfully listens announcements.
   0.116 DEBUG    Notification external         ...n/cpp/src/Transport.cc:441 | Started Receiver successfully
Waiting for notifications.
Begin Consumer Application. (Press CTRL+C to end application)
Enter in a list of app names (separated by ';') you would like to receive notifications from.
Empty list means all app names.
   0.472 ****** ERROR NETWORK external          common/os/posix/Socket.cc:345 | Binding (sockfd = 51) to 0.0.0.0 9955: 98 - Address already in use: ER_OS_ERROR
   0.474 DEBUG    Notification external         ...NotificationService.cc:132 | Init receive
   0.474 DEBUG    Notification external         ...ionTransportConsumer.cc:49 | Registered the SignalHandler successfully
   0.475 DEBUG    Notification external         ...n/cpp/src/Transport.cc:332 | Match String is: type='signal',sessionless='t',interface='org.alljoyn.Notification'
   0.478 TRACE    Notification external         ...ionDismisserReceiver.cc:34 | NotificationDismisserReceiver::NotificationDismisserReceiver() - called()
   0.478 DEBUG    Notification external         ...ionDismisserReceiver.cc:54 | Registered the SignalHandler successfully
   0.478 DEBUG    Notification external         ...n/cpp/src/Transport.cc:371 | NotificationDismisserReceiver Match String is: type='signal',sessionless='t',interface='org.alljoyn.Notification.Dismisser'
   0.480 DEBUG    Notification external         ...ationDismisserSender.cc:42 | NotificationDismisserSender()  - Got objectpath=/notificationDismisser
   0.480 DEBUG    Notification external         ...nTransportSuperAgent.cc:67 | Registered the SignalHandler successfully
   0.481 DEBUG    Notification external         ...n/cpp/src/Transport.cc:416 | SuperAgent Match String is: type='signal',sessionless='t',interface='org.alljoyn.Notification.Superagent'
   0.492 TRACE    ALLJOYN_ABOUT_ANNOUNCE_HANDLER external ...nceHandler.cc:26 | AnnounceHandler::AnnounceHandler
   0.492 TRACE    ALLJOYN_ABOUT_ANNOUNCEMENT_REGISTRAR external ...trar.cc:31 | AnnouncementRegistrar::RegisterAnnounceHandler
   0.492 TRACE    ALLJOYN_ABOUT_ANNOUNCE_HANDLER external ...nceHandler.cc:33 | InternalAnnounceHandler::InternalAnnounceHandler
   0.492 DEBUG    ALLJOYN_ABOUT_ANNOUNCEMENT_REGISTRAR external ...trar.cc:94 | AnnouncementRegistrar::RegisterAnnounceHandler Registered Signal Handler
   0.492 TRACE    ALLJOYN_ABOUT_ANNOUNCE_HANDLER external ...nceHandler.cc:64 | InternalAnnounceHandler::AddHandler
   0.493 TRACE    ALLJOYN_ABOUT_ANNOUNCE_HANDLER external ...nceHandler.cc:81 | Calling AddMatch("type='signal',interface='org.alljoyn.About',member='Announce',sessionless='t',implements='org.alljoyn.Notification.Superagent'")
   0.559 DEBUG    ALLJOYN_ABOUT_ANNOUNCEMENT_REGISTRAR external ...rar.cc:103 | AnnouncementRegistrar::RegisterAnnounceHandler result ER_OK
   0.559 DEBUG    Notification external         ...n/cpp/src/Transport.cc:432 | successfully listens announcements.
   0.559 DEBUG    Notification external         ...n/cpp/src/Transport.cc:441 | Started Receiver successfully
Waiting for notifications.
Begin Consumer Application. (Press CTRL+C to end application)
Enter in a list of app names (separated by ';') you would like to receive notifications from.
Empty list means all app names.
   0.160 ****** ERROR NETWORK external          common/os/posix/Socket.cc:345 | Binding (sockfd = 51) to 0.0.0.0 9955: 98 - Address already in use: ER_OS_ERROR
   0.163 DEBUG    Notification external         ...NotificationService.cc:132 | Init receive
   0.163 DEBUG    Notification external         ...ionTransportConsumer.cc:49 | Registered the SignalHandler successfully
   0.164 DEBUG    Notification external         ...n/cpp/src/Transport.cc:332 | Match String is: type='signal',sessionless='t',interface='org.alljoyn.Notification'
   0.167 TRACE    Notification external         ...ionDismisserReceiver.cc:34 | NotificationDismisserReceiver::NotificationDismisserReceiver() - called()
   0.167 DEBUG    Notification external         ...ionDismisserReceiver.cc:54 | Registered the SignalHandler successfully
   0.168 DEBUG    Notification external         ...n/cpp/src/Transport.cc:371 | NotificationDismisserReceiver Match String is: type='signal',sessionless='t',interface='org.alljoyn.Notification.Dismisser'
   0.169 DEBUG    Notification external         ...ationDismisserSender.cc:42 | NotificationDismisserSender()  - Got objectpath=/notificationDismisser
   0.171 DEBUG    Notification external         ...nTransportSuperAgent.cc:67 | Registered the SignalHandler successfully
   0.171 DEBUG    Notification external         ...n/cpp/src/Transport.cc:416 | SuperAgent Match String is: type='signal',sessionless='t',interface='org.alljoyn.Notification.Superagent'
   0.173 TRACE    ALLJOYN_ABOUT_ANNOUNCE_HANDLER external ...nceHandler.cc:26 | AnnounceHandler::AnnounceHandler
   0.173 TRACE    ALLJOYN_ABOUT_ANNOUNCEMENT_REGISTRAR external ...trar.cc:31 | AnnouncementRegistrar::RegisterAnnounceHandler
   0.173 TRACE    ALLJOYN_ABOUT_ANNOUNCE_HANDLER external ...nceHandler.cc:33 | InternalAnnounceHandler::InternalAnnounceHandler
   0.174 DEBUG    ALLJOYN_ABOUT_ANNOUNCEMENT_REGISTRAR external ...trar.cc:94 | AnnouncementRegistrar::RegisterAnnounceHandler Registered Signal Handler
   0.174 TRACE    ALLJOYN_ABOUT_ANNOUNCE_HANDLER external ...nceHandler.cc:64 | InternalAnnounceHandler::AddHandler
   0.174 TRACE    ALLJOYN_ABOUT_ANNOUNCE_HANDLER external ...nceHandler.cc:81 | Calling AddMatch("type='signal',interface='org.alljoyn.About',member='Announce',sessionless='t',implements='org.alljoyn.Notification.Superagent'")
   0.175 DEBUG    ALLJOYN_ABOUT_ANNOUNCEMENT_REGISTRAR external ...rar.cc:103 | AnnouncementRegistrar::RegisterAnnounceHandler result ER_OK
   0.175 DEBUG    Notification external         ...n/cpp/src/Transport.cc:432 | successfully listens announcements.
   0.175 DEBUG    Notification external         ...n/cpp/src/Transport.cc:441 | Started Receiver successfully
Waiting for notifications.
Begin Consumer Application. (Press CTRL+C to end application)
Enter in a list of app names (separated by ';') you would like to receive notifications from.
Empty list means all app names.
   1.060 ****** ERROR NETWORK external          common/os/posix/Socket.cc:345 | Binding (sockfd = 51) to 0.0.0.0 9955: 98 - Address already in use: ER_OS_ERROR
   1.078 DEBUG    Notification external         ...NotificationService.cc:132 | Init receive
   1.081 DEBUG    Notification external         ...ionTransportConsumer.cc:49 | Registered the SignalHandler successfully
   1.082 DEBUG    Notification external         ...n/cpp/src/Transport.cc:332 | Match String is: type='signal',sessionless='t',interface='org.alljoyn.Notification'
   1.089 TRACE    Notification external         ...ionDismisserReceiver.cc:34 | NotificationDismisserReceiver::NotificationDismisserReceiver() - called()
   1.089 DEBUG    Notification external         ...ionDismisserReceiver.cc:54 | Registered the SignalHandler successfully
   1.089 DEBUG    Notification external         ...n/cpp/src/Transport.cc:371 | NotificationDismisserReceiver Match String is: type='signal',sessionless='t',interface='org.alljoyn.Notification.Dismisser'
   1.098 DEBUG    Notification external         ...ationDismisserSender.cc:42 | NotificationDismisserSender()  - Got objectpath=/notificationDismisser
   1.099 DEBUG    Notification external         ...nTransportSuperAgent.cc:67 | Registered the SignalHandler successfully
   1.100 DEBUG    Notification external         ...n/cpp/src/Transport.cc:416 | SuperAgent Match String is: type='signal',sessionless='t',interface='org.alljoyn.Notification.Superagent'
   1.144 TRACE    ALLJOYN_ABOUT_ANNOUNCE_HANDLER external ...nceHandler.cc:26 | AnnounceHandler::AnnounceHandler
   1.145 TRACE    ALLJOYN_ABOUT_ANNOUNCEMENT_REGISTRAR external ...trar.cc:31 | AnnouncementRegistrar::RegisterAnnounceHandler
   1.145 TRACE    ALLJOYN_ABOUT_ANNOUNCE_HANDLER external ...nceHandler.cc:33 | InternalAnnounceHandler::InternalAnnounceHandler
   1.145 DEBUG    ALLJOYN_ABOUT_ANNOUNCEMENT_REGISTRAR external ...trar.cc:94 | AnnouncementRegistrar::RegisterAnnounceHandler Registered Signal Handler
   1.145 TRACE    ALLJOYN_ABOUT_ANNOUNCE_HANDLER external ...nceHandler.cc:64 | InternalAnnounceHandler::AddHandler
   1.145 TRACE    ALLJOYN_ABOUT_ANNOUNCE_HANDLER external ...nceHandler.cc:81 | Calling AddMatch("type='signal',interface='org.alljoyn.About',member='Announce',sessionless='t',implements='org.alljoyn.Notification.Superagent'")
   1.147 DEBUG    ALLJOYN_ABOUT_ANNOUNCEMENT_REGISTRAR external ...rar.cc:103 | AnnouncementRegistrar::RegisterAnnounceHandler result ER_OK
   1.147 DEBUG    Notification external         ...n/cpp/src/Transport.cc:432 | successfully listens announcements.
   1.147 DEBUG    Notification external         ...n/cpp/src/Transport.cc:441 | Started Receiver successfully
Waiting for notifications.
Begin Consumer Application. (Press CTRL+C to end application)
Enter in a list of app names (separated by ';') you would like to receive notifications from.
Empty list means all app names.
   0.189 ****** ERROR NETWORK external          common/os/posix/Socket.cc:345 | Binding (sockfd = 51) to 0.0.0.0 9955: 98 - Address already in use: ER_OS_ERROR
   0.191 DEBUG    Notification external         ...NotificationService.cc:132 | Init receive
   0.191 DEBUG    Notification external         ...ionTransportConsumer.cc:49 | Registered the SignalHandler successfully
   0.192 DEBUG    Notification external         ...n/cpp/src/Transport.cc:332 | Match String is: type='signal',sessionless='t',interface='org.alljoyn.Notification'
   0.194 TRACE    Notification external         ...ionDismisserReceiver.cc:34 | NotificationDismisserReceiver::NotificationDismisserReceiver() - called()
   0.194 DEBUG    Notification external         ...ionDismisserReceiver.cc:54 | Registered the SignalHandler successfully
   0.195 DEBUG    Notification external         ...n/cpp/src/Transport.cc:371 | NotificationDismisserReceiver Match String is: type='signal',sessionless='t',interface='org.alljoyn.Notification.Dismisser'
   0.208 DEBUG    Notification external         ...ationDismisserSender.cc:42 | NotificationDismisserSender()  - Got objectpath=/notificationDismisser
   0.208 DEBUG    Notification external         ...nTransportSuperAgent.cc:67 | Registered the SignalHandler successfully
   0.209 DEBUG    Notification external         ...n/cpp/src/Transport.cc:416 | SuperAgent Match String is: type='signal',sessionless='t',interface='org.alljoyn.Notification.Superagent'
   0.282 TRACE    ALLJOYN_ABOUT_ANNOUNCE_HANDLER external ...nceHandler.cc:26 | AnnounceHandler::AnnounceHandler
   0.282 TRACE    ALLJOYN_ABOUT_ANNOUNCEMENT_REGISTRAR external ...trar.cc:31 | AnnouncementRegistrar::RegisterAnnounceHandler
   0.282 TRACE    ALLJOYN_ABOUT_ANNOUNCE_HANDLER external ...nceHandler.cc:33 | InternalAnnounceHandler::InternalAnnounceHandler
   0.283 DEBUG    ALLJOYN_ABOUT_ANNOUNCEMENT_REGISTRAR external ...trar.cc:94 | AnnouncementRegistrar::RegisterAnnounceHandler Registered Signal Handler
   0.283 TRACE    ALLJOYN_ABOUT_ANNOUNCE_HANDLER external ...nceHandler.cc:64 | InternalAnnounceHandler::AddHandler
   0.283 TRACE    ALLJOYN_ABOUT_ANNOUNCE_HANDLER external ...nceHandler.cc:81 | Calling AddMatch("type='signal',interface='org.alljoyn.About',member='Announce',sessionless='t',implements='org.alljoyn.Notification.Superagent'")
   0.284 DEBUG    ALLJOYN_ABOUT_ANNOUNCEMENT_REGISTRAR external ...rar.cc:103 | AnnouncementRegistrar::RegisterAnnounceHandler result ER_OK
   0.284 DEBUG    Notification external         ...n/cpp/src/Transport.cc:432 | successfully listens announcements.
   0.284 DEBUG    Notification external         ...n/cpp/src/Transport.cc:441 | Started Receiver successfully
Waiting for notifications.
Begin Consumer Application. (Press CTRL+C to end application)
Enter in a list of app names (separated by ';') you would like to receive notifications from.
Empty list means all app names.
   0.092 ****** ERROR NETWORK external          common/os/posix/Socket.cc:345 | Binding (sockfd = 51) to 0.0.0.0 9955: 98 - Address already in use: ER_OS_ERROR
   0.094 DEBUG    Notification external         ...NotificationService.cc:132 | Init receive
   0.095 DEBUG    Notification external         ...ionTransportConsumer.cc:49 | Registered the SignalHandler successfully
   0.095 DEBUG    Notification external         ...n/cpp/src/Transport.cc:332 | Match String is: type='signal',sessionless='t',interface='org.alljoyn.Notification'
   0.098 TRACE    Notification external         ...ionDismisserReceiver.cc:34 | NotificationDismisserReceiver::NotificationDismisserReceiver() - called()
   0.098 DEBUG    Notification external         ...ionDismisserReceiver.cc:54 | Registered the SignalHandler successfully
   0.099 DEBUG    Notification external         ...n/cpp/src/Transport.cc:371 | NotificationDismisserReceiver Match String is: type='signal',sessionless='t',interface='org.alljoyn.Notification.Dismisser'
   0.161 DEBUG    Notification external         ...ationDismisserSender.cc:42 | NotificationDismisserSender()  - Got objectpath=/notificationDismisser
   0.171 DEBUG    Notification external         ...nTransportSuperAgent.cc:67 | Registered the SignalHandler successfully
   0.172 DEBUG    Notification external         ...n/cpp/src/Transport.cc:416 | SuperAgent Match String is: type='signal',sessionless='t',interface='org.alljoyn.Notification.Superagent'
   0.176 TRACE    ALLJOYN_ABOUT_ANNOUNCE_HANDLER external ...nceHandler.cc:26 | AnnounceHandler::AnnounceHandler
   0.176 TRACE    ALLJOYN_ABOUT_ANNOUNCEMENT_REGISTRAR external ...trar.cc:31 | AnnouncementRegistrar::RegisterAnnounceHandler
   0.176 TRACE    ALLJOYN_ABOUT_ANNOUNCE_HANDLER external ...nceHandler.cc:33 | InternalAnnounceHandler::InternalAnnounceHandler
   0.176 DEBUG    ALLJOYN_ABOUT_ANNOUNCEMENT_REGISTRAR external ...trar.cc:94 | AnnouncementRegistrar::RegisterAnnounceHandler Registered Signal Handler
   0.176 TRACE    ALLJOYN_ABOUT_ANNOUNCE_HANDLER external ...nceHandler.cc:64 | InternalAnnounceHandler::AddHandler
   0.177 TRACE    ALLJOYN_ABOUT_ANNOUNCE_HANDLER external ...nceHandler.cc:81 | Calling AddMatch("type='signal',interface='org.alljoyn.About',member='Announce',sessionless='t',implements='org.alljoyn.Notification.Superagent'")
   0.209 DEBUG    ALLJOYN_ABOUT_ANNOUNCEMENT_REGISTRAR external ...rar.cc:103 | AnnouncementRegistrar::RegisterAnnounceHandler result ER_OK
   0.209 DEBUG    Notification external         ...n/cpp/src/Transport.cc:432 | successfully listens announcements.
   0.209 DEBUG    Notification external         ...n/cpp/src/Transport.cc:441 | Started Receiver successfully
Waiting for notifications.
Begin Consumer Application. (Press CTRL+C to end application)
Enter in a list of app names (separated by ';') you would like to receive notifications from.
Empty list means all app names.
   0.324 ****** ERROR NETWORK external          common/os/posix/Socket.cc:345 | Binding (sockfd = 51) to 0.0.0.0 9955: 98 - Address already in use: ER_OS_ERROR
   0.331 DEBUG    Notification external         ...NotificationService.cc:132 | Init receive
   0.331 DEBUG    Notification external         ...ionTransportConsumer.cc:49 | Registered the SignalHandler successfully
   0.332 DEBUG    Notification external         ...n/cpp/src/Transport.cc:332 | Match String is: type='signal',sessionless='t',interface='org.alljoyn.Notification'
   0.347 TRACE    Notification external         ...ionDismisserReceiver.cc:34 | NotificationDismisserReceiver::NotificationDismisserReceiver() - called()
   0.348 DEBUG    Notification external         ...ionDismisserReceiver.cc:54 | Registered the SignalHandler successfully
   0.348 DEBUG    Notification external         ...n/cpp/src/Transport.cc:371 | NotificationDismisserReceiver Match String is: type='signal',sessionless='t',interface='org.alljoyn.Notification.Dismisser'
   0.376 DEBUG    Notification external         ...ationDismisserSender.cc:42 | NotificationDismisserSender()  - Got objectpath=/notificationDismisser
   0.376 DEBUG    Notification external         ...nTransportSuperAgent.cc:67 | Registered the SignalHandler successfully
   0.377 DEBUG    Notification external         ...n/cpp/src/Transport.cc:416 | SuperAgent Match String is: type='signal',sessionless='t',interface='org.alljoyn.Notification.Superagent'
   0.380 TRACE    ALLJOYN_ABOUT_ANNOUNCE_HANDLER external ...nceHandler.cc:26 | AnnounceHandler::AnnounceHandler
   0.380 TRACE    ALLJOYN_ABOUT_ANNOUNCEMENT_REGISTRAR external ...trar.cc:31 | AnnouncementRegistrar::RegisterAnnounceHandler
   0.380 TRACE    ALLJOYN_ABOUT_ANNOUNCE_HANDLER external ...nceHandler.cc:33 | InternalAnnounceHandler::InternalAnnounceHandler
   0.380 DEBUG    ALLJOYN_ABOUT_ANNOUNCEMENT_REGISTRAR external ...trar.cc:94 | AnnouncementRegistrar::RegisterAnnounceHandler Registered Signal Handler
   0.380 TRACE    ALLJOYN_ABOUT_ANNOUNCE_HANDLER external ...nceHandler.cc:64 | InternalAnnounceHandler::AddHandler
   0.381 TRACE    ALLJOYN_ABOUT_ANNOUNCE_HANDLER external ...nceHandler.cc:81 | Calling AddMatch("type='signal',interface='org.alljoyn.About',member='Announce',sessionless='t',implements='org.alljoyn.Notification.Superagent'")
   0.382 DEBUG    ALLJOYN_ABOUT_ANNOUNCEMENT_REGISTRAR external ...rar.cc:103 | AnnouncementRegistrar::RegisterAnnounceHandler result ER_OK
   0.382 DEBUG    Notification external         ...n/cpp/src/Transport.cc:432 | successfully listens announcements.
   0.382 DEBUG    Notification external         ...n/cpp/src/Transport.cc:441 | Started Receiver successfully
Waiting for notifications.
Begin Consumer Application. (Press CTRL+C to end application)
Enter in a list of app names (separated by ';') you would like to receive notifications from.
Empty list means all app names.
   0.302 ****** ERROR NETWORK external          common/os/posix/Socket.cc:345 | Binding (sockfd = 51) to 0.0.0.0 9955: 98 - Address already in use: ER_OS_ERROR
   0.308 DEBUG    Notification external         ...NotificationService.cc:132 | Init receive
   0.309 DEBUG    Notification external         ...ionTransportConsumer.cc:49 | Registered the SignalHandler successfully
   0.309 DEBUG    Notification external         ...n/cpp/src/Transport.cc:332 | Match String is: type='signal',sessionless='t',interface='org.alljoyn.Notification'
   0.316 TRACE    Notification external         ...ionDismisserReceiver.cc:34 | NotificationDismisserReceiver::NotificationDismisserReceiver() - called()
   0.316 DEBUG    Notification external         ...ionDismisserReceiver.cc:54 | Registered the SignalHandler successfully
   0.316 DEBUG    Notification external         ...n/cpp/src/Transport.cc:371 | NotificationDismisserReceiver Match String is: type='signal',sessionless='t',interface='org.alljoyn.Notification.Dismisser'
   0.318 DEBUG    Notification external         ...ationDismisserSender.cc:42 | NotificationDismisserSender()  - Got objectpath=/notificationDismisser
   0.327 DEBUG    Notification external         ...nTransportSuperAgent.cc:67 | Registered the SignalHandler successfully
   0.329 DEBUG    Notification external         ...n/cpp/src/Transport.cc:416 | SuperAgent Match String is: type='signal',sessionless='t',interface='org.alljoyn.Notification.Superagent'
   0.373 TRACE    ALLJOYN_ABOUT_ANNOUNCE_HANDLER external ...nceHandler.cc:26 | AnnounceHandler::AnnounceHandler
   0.373 TRACE    ALLJOYN_ABOUT_ANNOUNCEMENT_REGISTRAR external ...trar.cc:31 | AnnouncementRegistrar::RegisterAnnounceHandler
   0.373 TRACE    ALLJOYN_ABOUT_ANNOUNCE_HANDLER external ...nceHandler.cc:33 | InternalAnnounceHandler::InternalAnnounceHandler
   0.373 DEBUG    ALLJOYN_ABOUT_ANNOUNCEMENT_REGISTRAR external ...trar.cc:94 | AnnouncementRegistrar::RegisterAnnounceHandler Registered Signal Handler
   0.373 TRACE    ALLJOYN_ABOUT_ANNOUNCE_HANDLER external ...nceHandler.cc:64 | InternalAnnounceHandler::AddHandler
   0.373 TRACE    ALLJOYN_ABOUT_ANNOUNCE_HANDLER external ...nceHandler.cc:81 | Calling AddMatch("type='signal',interface='org.alljoyn.About',member='Announce',sessionless='t',implements='org.alljoyn.Notification.Superagent'")
   0.375 DEBUG    ALLJOYN_ABOUT_ANNOUNCEMENT_REGISTRAR external ...rar.cc:103 | AnnouncementRegistrar::RegisterAnnounceHandler result ER_OK
   0.375 DEBUG    Notification external         ...n/cpp/src/Transport.cc:432 | successfully listens announcements.
   0.375 DEBUG    Notification external         ...n/cpp/src/Transport.cc:441 | Started Receiver successfully
Waiting for notifications.
 151.385 DEBUG    Notification lepDisp          ...ionTransportConsumer.cc:58 | Received Message from producer.
******************** Begin New Message Received ********************
Message Id:  151.401 ****** ERROR NETWORK iodisp            common/os/posix/Socket.cc:462 | Shutdown socket (sockfd = 68): 107 - Transport endpoint is not connected: ER_OS_ERROR
3926
Device Id: 4564545455454
Device Name: Thermostat
App Id: 8FE4ED3573BD4E2EB8586701F9EE1C19
App Name: DISPLAY_ALL
Sender BusName: :AUXLFvjk.2
Message Type 0 emergency
Notification version: 2
Language: en  Message: hi
Other parameters included:
Custom Attribute Key: color  Custom Attribute Value: red
OriginalSender: :AUXLFvjk.2
******************** End New Message Received ********************

Notification action (0-Nothing 1-Dismiss):
Nothing planed to do with the notification message id:3926
End handling notification!!!
 167.006 DEBUG    Notification lepDisp          ...ionTransportConsumer.cc:58 | Received Message from producer.
******************** Begin New Message Received ********************
Message Id: 3927
Device Id: 4564545455454
Device Name: Thermostat
App Id: 8FE4ED3573BD4E2EB8586701F9EE1C19
App Name: DISPLAY_ALL
Sender BusName: :AUXLFvjk.2
Message Type 0 emergency
Notification version: 2
Language: en  Message: hi
Other parameters included:
Custom Attribute Key: color  Custom Attribute Value: red
OriginalSender: :AUXLFvjk.2
******************** End New Message Received ********************

Notification action (0-Nothing 1-Dismiss):
Nothing planed to do with the notification message id:3927
End handling notification!!!
 167.016 ****** ERROR NETWORK iodisp            common/os/posix/Socket.cc:462 | Shutdown socket (sockfd = 68): 107 - Transport endpoint is not connected: ER_OS_ERROR
 184.835 ****** ERROR ENDPOINT_AUTH JoinS-3     ...re/src/EndpointAuth.cc:483 | Failed to read from stream: ER_SOCK_OTHER_END_CLOSED
 184.835 ****** ERROR TCP     JoinS-3           ...outer/TCPTransport.cc:2928 | TCPTransport::Connect(): Starting the TCPEndpoint failed: ER_SOCK_OTHER_END_CLOSED
 184.835 ****** ERROR ALLJOYN_OBJ JoinS-3       ...e/router/AllJoynObj.cc:875 | trans->Connect(tcp:r4addr=192.168.5.110,r4port=9955) failed: ER_SOCK_OTHER_END_CLOSED
 184.865 ****** ERROR ENDPOINT_AUTH JoinS-4     ...re/src/EndpointAuth.cc:483 | Failed to read from stream: ER_SOCK_OTHER_END_CLOSED
 184.865 ****** ERROR TCP     JoinS-4           ...outer/TCPTransport.cc:2928 | TCPTransport::Connect(): Starting the TCPEndpoint failed: ER_SOCK_OTHER_END_CLOSED
 184.865 ****** ERROR ALLJOYN_OBJ JoinS-4       ...e/router/AllJoynObj.cc:875 | trans->Connect(tcp:r4addr=192.168.5.110,r4port=9955) failed: ER_SOCK_OTHER_END_CLOSED
 186.173 DEBUG    Notification lepDisp          ...ionTransportConsumer.cc:58 | Received Message from producer.
******************** Begin New Message Received ********************
Message Id: 3928
Device Id: 4564545455454
Device Name: Thermostat
App Id: 8FE4ED3573BD4E2EB8586701F9EE1C19
App Name: DISPLAY_ALL
Sender BusName: :AUXLFvjk.2
Message Type 0 emergency
Notification version: 2
Language: en  Message: thanks
Other parameters included:
Custom Attribute Key: color  Custom Attribute Value: red
OriginalSender: :AUXLFvjk.2
******************** End New Message Received ********************

Notification action (0-Nothing 1-Dismiss):
Nothing planed to do with the notification message id:3928
End handling notification!!!
 186.196 ****** ERROR NETWORK iodisp            common/os/posix/Socket.cc:462 | Shutdown socket (sockfd = 68): 107 - Transport endpoint is not connected: ER_OS_ERROR
