Begin Producer Application. (Press CTRL+D to end application)
   0.703 ****** ERROR NETWORK external          common/os/posix/Socket.cc:345 | Binding (sockfd = 49) to 0.0.0.0 9955: 98 - Address already in use: ER_OS_ERROR
Enter in new notification info:
Enter in device name or press 'enter' to use default:
Exiting the application deletes the bus connection.
   0.719 TRACE    Notification external         ...NotificationService.cc:161 | Shutdown
Goodbye!
Begin Producer Application. (Press CTRL+D to end application)
   0.593 ****** ERROR NETWORK external          common/os/posix/Socket.cc:345 | Binding (sockfd = 51) to 0.0.0.0 9955: 98 - Address already in use: ER_OS_ERROR
Enter in new notification info:
Enter in device name or press 'enter' to use default:
Exiting the application deletes the bus connection.
   0.597 TRACE    Notification external         ...NotificationService.cc:161 | Shutdown
Goodbye!
Begin Producer Application. (Press CTRL+D to end application)
   0.197 ****** ERROR NETWORK external          common/os/posix/Socket.cc:345 | Binding (sockfd = 51) to 0.0.0.0 9955: 98 - Address already in use: ER_OS_ERROR
Enter in new notification info:
Enter in device name or press 'enter' to use default:
Exiting the application deletes the bus connection.
   0.205 TRACE    Notification external         ...NotificationService.cc:161 | Shutdown
Goodbye!
Begin Producer Application. (Press CTRL+D to end application)
   0.368 ****** ERROR NETWORK external          common/os/posix/Socket.cc:345 | Binding (sockfd = 51) to 0.0.0.0 9955: 98 - Address already in use: ER_OS_ERROR
Enter in new notification info:
Enter in device name or press 'enter' to use default:
Exiting the application deletes the bus connection.
   0.372 TRACE    Notification external         ...NotificationService.cc:161 | Shutdown
Goodbye!
Begin Producer Application. (Press CTRL+D to end application)
   0.365 ****** ERROR NETWORK external          common/os/posix/Socket.cc:345 | Binding (sockfd = 51) to 0.0.0.0 9955: 98 - Address already in use: ER_OS_ERROR
Enter in new notification info:
Enter in device name or press 'enter' to use default:
Exiting the application deletes the bus connection.
   0.371 TRACE    Notification external         ...NotificationService.cc:161 | Shutdown
Goodbye!
